Aligning C-alpha trace of RPIC_all/d1afra_.pdb (N=345) to RPIC_all/d1jkua_.pdb (M=266)

Starting Sinkhorn-ICP iterations...
Iteration 001: Soft TM-score = 0.000000, Change = 0.000000
Iteration 002: Soft TM-score = 0.256335, Change = 0.256335
Iteration 003: Soft TM-score = 0.265873, Change = 0.009537
Iteration 004: Soft TM-score = 0.272561, Change = 0.006688
Iteration 005: Soft TM-score = 0.279038, Change = 0.006477
Iteration 006: Soft TM-score = 0.285761, Change = 0.006723
Iteration 007: Soft TM-score = 0.290175, Change = 0.004414
Iteration 008: Soft TM-score = 0.293492, Change = 0.003317
Iteration 009: Soft TM-score = 0.297159, Change = 0.003666
Iteration 010: Soft TM-score = 0.301207, Change = 0.004048
Iteration 011: Soft TM-score = 0.305568, Change = 0.004361
Iteration 012: Soft TM-score = 0.309718, Change = 0.004150
Iteration 013: Soft TM-score = 0.313390, Change = 0.003672
Iteration 014: Soft TM-score = 0.316967, Change = 0.003577
Iteration 015: Soft TM-score = 0.322578, Change = 0.005611
Iteration 016: Soft TM-score = 0.329619, Change = 0.007041
Iteration 017: Soft TM-score = 0.336659, Change = 0.007040
Iteration 018: Soft TM-score = 0.343433, Change = 0.006774
Iteration 019: Soft TM-score = 0.350188, Change = 0.006755
Iteration 020: Soft TM-score = 0.356041, Change = 0.005854
Iteration 021: Soft TM-score = 0.362517, Change = 0.006475
Iteration 022: Soft TM-score = 0.368916, Change = 0.006400
Iteration 023: Soft TM-score = 0.373406, Change = 0.004489
Iteration 024: Soft TM-score = 0.377974, Change = 0.004569
Iteration 025: Soft TM-score = 0.382092, Change = 0.004117
Iteration 026: Soft TM-score = 0.384935, Change = 0.002843
Iteration 027: Soft TM-score = 0.386577, Change = 0.001642
Iteration 028: Soft TM-score = 0.387713, Change = 0.001136
Iteration 029: Soft TM-score = 0.388673, Change = 0.000960
Iteration 030: Soft TM-score = 0.389569, Change = 0.000896
Iteration 031: Soft TM-score = 0.390517, Change = 0.000948
Iteration 032: Soft TM-score = 0.391589, Change = 0.001073
Iteration 033: Soft TM-score = 0.392673, Change = 0.001083
Iteration 034: Soft TM-score = 0.393671, Change = 0.000998
Iteration 035: Soft TM-score = 0.394677, Change = 0.001006
Iteration 036: Soft TM-score = 0.395866, Change = 0.001189
Iteration 037: Soft TM-score = 0.397475, Change = 0.001609
Iteration 038: Soft TM-score = 0.399271, Change = 0.001796
Iteration 039: Soft TM-score = 0.400639, Change = 0.001368
Iteration 040: Soft TM-score = 0.401420, Change = 0.000781
Iteration 041: Soft TM-score = 0.401915, Change = 0.000495
Iteration 042: Soft TM-score = 0.402318, Change = 0.000403
Iteration 043: Soft TM-score = 0.402699, Change = 0.000381
Iteration 044: Soft TM-score = 0.403123, Change = 0.000424
Iteration 045: Soft TM-score = 0.403662, Change = 0.000539
Iteration 046: Soft TM-score = 0.404362, Change = 0.000701
Iteration 047: Soft TM-score = 0.405162, Change = 0.000799
Iteration 048: Soft TM-score = 0.405895, Change = 0.000733
Iteration 049: Soft TM-score = 0.406444, Change = 0.000549
Iteration 050: Soft TM-score = 0.406814, Change = 0.000370
Iteration 051: Soft TM-score = 0.407079, Change = 0.000265
Iteration 052: Soft TM-score = 0.407306, Change = 0.000227
Iteration 053: Soft TM-score = 0.407531, Change = 0.000225
Iteration 054: Soft TM-score = 0.407779, Change = 0.000248
Iteration 055: Soft TM-score = 0.408082, Change = 0.000304
Iteration 056: Soft TM-score = 0.408440, Change = 0.000358
Iteration 057: Soft TM-score = 0.408795, Change = 0.000355
Iteration 058: Soft TM-score = 0.409098, Change = 0.000303
Iteration 059: Soft TM-score = 0.409355, Change = 0.000257
Iteration 060: Soft TM-score = 0.409595, Change = 0.000240
Iteration 061: Soft TM-score = 0.409836, Change = 0.000241
Iteration 062: Soft TM-score = 0.410071, Change = 0.000236
Iteration 063: Soft TM-score = 0.410286, Change = 0.000214
Iteration 064: Soft TM-score = 0.410469, Change = 0.000183
Iteration 065: Soft TM-score = 0.410620, Change = 0.000151
Iteration 066: Soft TM-score = 0.410745, Change = 0.000125
Iteration 067: Soft TM-score = 0.410852, Change = 0.000107
Iteration 068: Soft TM-score = 0.410952, Change = 0.000100
Iteration 069: Soft TM-score = 0.411056, Change = 0.000105
Iteration 070: Soft TM-score = 0.411181, Change = 0.000125
Iteration 071: Soft TM-score = 0.411345, Change = 0.000164
Iteration 072: Soft TM-score = 0.411571, Change = 0.000226
Iteration 073: Soft TM-score = 0.411890, Change = 0.000319
Iteration 074: Soft TM-score = 0.412337, Change = 0.000446
Iteration 075: Soft TM-score = 0.412929, Change = 0.000592
Iteration 076: Soft TM-score = 0.413614, Change = 0.000684
Iteration 077: Soft TM-score = 0.414233, Change = 0.000619
Iteration 078: Soft TM-score = 0.414647, Change = 0.000414
Iteration 079: Soft TM-score = 0.414881, Change = 0.000233
Iteration 080: Soft TM-score = 0.415033, Change = 0.000153
Iteration 081: Soft TM-score = 0.415181, Change = 0.000148
Iteration 082: Soft TM-score = 0.415343, Change = 0.000161
Iteration 083: Soft TM-score = 0.415501, Change = 0.000159
Iteration 084: Soft TM-score = 0.415644, Change = 0.000142
Iteration 085: Soft TM-score = 0.415772, Change = 0.000128
Iteration 086: Soft TM-score = 0.415920, Change = 0.000149
Iteration 087: Soft TM-score = 0.416162, Change = 0.000242
Iteration 088: Soft TM-score = 0.416527, Change = 0.000365
Iteration 089: Soft TM-score = 0.416912, Change = 0.000386
Iteration 090: Soft TM-score = 0.417256, Change = 0.000344
Iteration 091: Soft TM-score = 0.417596, Change = 0.000340
Iteration 092: Soft TM-score = 0.417951, Change = 0.000355
Iteration 093: Soft TM-score = 0.418265, Change = 0.000313
Iteration 094: Soft TM-score = 0.418505, Change = 0.000240
Iteration 095: Soft TM-score = 0.418700, Change = 0.000195
Iteration 096: Soft TM-score = 0.418881, Change = 0.000181
Iteration 097: Soft TM-score = 0.419071, Change = 0.000190
Iteration 098: Soft TM-score = 0.419281, Change = 0.000210
Iteration 099: Soft TM-score = 0.419522, Change = 0.000241
Iteration 100: Soft TM-score = 0.419806, Change = 0.000284

--- Final Analysis ---
Final C-alpha RMSD on 178 aligned pairs: 9.9571 Å
Final TM-score (normalized by reference, L=266): 0.477448
Final TM-score (normalized by mobile,   L=345): 0.385933

Applying transformation to full-atom model and saving to results/pdb_aligned/d1afra__aligned_to_d1jkua_.pdb...
Success!
