Aligning C-alpha trace of RPIC_all/d1ay9b_.pdb (N=108) to RPIC_all/d1b12a_.pdb (M=239)

Starting Sinkhorn-ICP iterations...
Iteration 001: Soft TM-score = 0.000000, Change = 0.000000
Iteration 002: Soft TM-score = 0.372099, Change = 0.372099
Iteration 003: Soft TM-score = 0.376199, Change = 0.004100
Iteration 004: Soft TM-score = 0.378800, Change = 0.002601
Iteration 005: Soft TM-score = 0.381123, Change = 0.002324
Iteration 006: Soft TM-score = 0.383344, Change = 0.002221
Iteration 007: Soft TM-score = 0.385430, Change = 0.002086
Iteration 008: Soft TM-score = 0.387275, Change = 0.001845
Iteration 009: Soft TM-score = 0.389001, Change = 0.001726
Iteration 010: Soft TM-score = 0.390478, Change = 0.001477
Iteration 011: Soft TM-score = 0.391774, Change = 0.001297
Iteration 012: Soft TM-score = 0.393154, Change = 0.001380
Iteration 013: Soft TM-score = 0.394455, Change = 0.001301
Iteration 014: Soft TM-score = 0.395536, Change = 0.001081
Iteration 015: Soft TM-score = 0.396640, Change = 0.001104
Iteration 016: Soft TM-score = 0.397898, Change = 0.001258
Iteration 017: Soft TM-score = 0.399050, Change = 0.001153
Iteration 018: Soft TM-score = 0.399868, Change = 0.000818
Iteration 019: Soft TM-score = 0.400427, Change = 0.000558
Iteration 020: Soft TM-score = 0.400824, Change = 0.000398
Iteration 021: Soft TM-score = 0.401116, Change = 0.000292
Iteration 022: Soft TM-score = 0.401361, Change = 0.000245
Iteration 023: Soft TM-score = 0.401612, Change = 0.000251
Iteration 024: Soft TM-score = 0.401900, Change = 0.000288
Iteration 025: Soft TM-score = 0.402234, Change = 0.000334
Iteration 026: Soft TM-score = 0.402562, Change = 0.000329
Iteration 027: Soft TM-score = 0.402781, Change = 0.000219
Iteration 028: Soft TM-score = 0.402847, Change = 0.000065
Iteration 029: Soft TM-score = 0.402832, Change = -0.000015

Converged after 29 iterations.

--- Final Analysis ---
Final C-alpha RMSD on 99 aligned pairs: 8.5414 Å
Final TM-score (normalized by reference, L=239): 0.281927
Final TM-score (normalized by mobile,   L=108): 0.481445

Applying transformation to full-atom model and saving to results/pdb_aligned/d1ay9b__aligned_to_d1b12a_.pdb...
Success!
