Aligning C-alpha trace of RPIC_all/d1lzy__.pdb (N=129) to RPIC_all/d148le_.pdb (M=162)

Starting Sinkhorn-ICP iterations...
Iteration 001: Soft TM-score = 0.013342, Change = 0.013342
Iteration 002: Soft TM-score = 0.454418, Change = 0.441076
Iteration 003: Soft TM-score = 0.457222, Change = 0.002804
Iteration 004: Soft TM-score = 0.460257, Change = 0.003035
Iteration 005: Soft TM-score = 0.462309, Change = 0.002052
Iteration 006: Soft TM-score = 0.463896, Change = 0.001587
Iteration 007: Soft TM-score = 0.465127, Change = 0.001231
Iteration 008: Soft TM-score = 0.465955, Change = 0.000829
Iteration 009: Soft TM-score = 0.466424, Change = 0.000468
Iteration 010: Soft TM-score = 0.466665, Change = 0.000242
Iteration 011: Soft TM-score = 0.466802, Change = 0.000137
Iteration 012: Soft TM-score = 0.466915, Change = 0.000113
Iteration 013: Soft TM-score = 0.467066, Change = 0.000150
Iteration 014: Soft TM-score = 0.467377, Change = 0.000311
Iteration 015: Soft TM-score = 0.468157, Change = 0.000780
Iteration 016: Soft TM-score = 0.469976, Change = 0.001819
Iteration 017: Soft TM-score = 0.473126, Change = 0.003149
Iteration 018: Soft TM-score = 0.476875, Change = 0.003750
Iteration 019: Soft TM-score = 0.480276, Change = 0.003401
Iteration 020: Soft TM-score = 0.482678, Change = 0.002402
Iteration 021: Soft TM-score = 0.484274, Change = 0.001596
Iteration 022: Soft TM-score = 0.485488, Change = 0.001215
Iteration 023: Soft TM-score = 0.486602, Change = 0.001113
Iteration 024: Soft TM-score = 0.487718, Change = 0.001117
Iteration 025: Soft TM-score = 0.488880, Change = 0.001162
Iteration 026: Soft TM-score = 0.490061, Change = 0.001182
Iteration 027: Soft TM-score = 0.491107, Change = 0.001045
Iteration 028: Soft TM-score = 0.491857, Change = 0.000750
Iteration 029: Soft TM-score = 0.492319, Change = 0.000462
Iteration 030: Soft TM-score = 0.492614, Change = 0.000295
Iteration 031: Soft TM-score = 0.492861, Change = 0.000247
Iteration 032: Soft TM-score = 0.493151, Change = 0.000290
Iteration 033: Soft TM-score = 0.493547, Change = 0.000396
Iteration 034: Soft TM-score = 0.494099, Change = 0.000552
Iteration 035: Soft TM-score = 0.494874, Change = 0.000776
Iteration 036: Soft TM-score = 0.496029, Change = 0.001155
Iteration 037: Soft TM-score = 0.497891, Change = 0.001862
Iteration 038: Soft TM-score = 0.500857, Change = 0.002966
Iteration 039: Soft TM-score = 0.505007, Change = 0.004150
Iteration 040: Soft TM-score = 0.509560, Change = 0.004553
Iteration 041: Soft TM-score = 0.512730, Change = 0.003170
Iteration 042: Soft TM-score = 0.514530, Change = 0.001800
Iteration 043: Soft TM-score = 0.515622, Change = 0.001092
Iteration 044: Soft TM-score = 0.516309, Change = 0.000687
Iteration 045: Soft TM-score = 0.516756, Change = 0.000447
Iteration 046: Soft TM-score = 0.517057, Change = 0.000301
Iteration 047: Soft TM-score = 0.517270, Change = 0.000213
Iteration 048: Soft TM-score = 0.517429, Change = 0.000159
Iteration 049: Soft TM-score = 0.517555, Change = 0.000126
Iteration 050: Soft TM-score = 0.517660, Change = 0.000105
Iteration 051: Soft TM-score = 0.517752, Change = 0.000091
Iteration 052: Soft TM-score = 0.517834, Change = 0.000082
Iteration 053: Soft TM-score = 0.517915, Change = 0.000081
Iteration 054: Soft TM-score = 0.517993, Change = 0.000078
Iteration 055: Soft TM-score = 0.518073, Change = 0.000081
Iteration 056: Soft TM-score = 0.518157, Change = 0.000084
Iteration 057: Soft TM-score = 0.518245, Change = 0.000089
Iteration 058: Soft TM-score = 0.518341, Change = 0.000095
Iteration 059: Soft TM-score = 0.518443, Change = 0.000103
Iteration 060: Soft TM-score = 0.518556, Change = 0.000112
Iteration 061: Soft TM-score = 0.518679, Change = 0.000124
Iteration 062: Soft TM-score = 0.518819, Change = 0.000139
Iteration 063: Soft TM-score = 0.518980, Change = 0.000161
Iteration 064: Soft TM-score = 0.519172, Change = 0.000192
Iteration 065: Soft TM-score = 0.519404, Change = 0.000232
Iteration 066: Soft TM-score = 0.519691, Change = 0.000287
Iteration 067: Soft TM-score = 0.520038, Change = 0.000347
Iteration 068: Soft TM-score = 0.520439, Change = 0.000401
Iteration 069: Soft TM-score = 0.520865, Change = 0.000427
Iteration 070: Soft TM-score = 0.521280, Change = 0.000415
Iteration 071: Soft TM-score = 0.521664, Change = 0.000384
Iteration 072: Soft TM-score = 0.522026, Change = 0.000362
Iteration 073: Soft TM-score = 0.522382, Change = 0.000357
Iteration 074: Soft TM-score = 0.522742, Change = 0.000359
Iteration 075: Soft TM-score = 0.523095, Change = 0.000354
Iteration 076: Soft TM-score = 0.523430, Change = 0.000335
Iteration 077: Soft TM-score = 0.523733, Change = 0.000303
Iteration 078: Soft TM-score = 0.524001, Change = 0.000267
Iteration 079: Soft TM-score = 0.524236, Change = 0.000235
Iteration 080: Soft TM-score = 0.524441, Change = 0.000206
Iteration 081: Soft TM-score = 0.524620, Change = 0.000178
Iteration 082: Soft TM-score = 0.524778, Change = 0.000158
Iteration 083: Soft TM-score = 0.524916, Change = 0.000139
Iteration 084: Soft TM-score = 0.525037, Change = 0.000121
Iteration 085: Soft TM-score = 0.525142, Change = 0.000105
Iteration 086: Soft TM-score = 0.525235, Change = 0.000093
Iteration 087: Soft TM-score = 0.525315, Change = 0.000080
Iteration 088: Soft TM-score = 0.525384, Change = 0.000069
Iteration 089: Soft TM-score = 0.525444, Change = 0.000060
Iteration 090: Soft TM-score = 0.525496, Change = 0.000052
Iteration 091: Soft TM-score = 0.525541, Change = 0.000045
Iteration 092: Soft TM-score = 0.525580, Change = 0.000039
Iteration 093: Soft TM-score = 0.525613, Change = 0.000033
Iteration 094: Soft TM-score = 0.525642, Change = 0.000029
Iteration 095: Soft TM-score = 0.525667, Change = 0.000024
Iteration 096: Soft TM-score = 0.525690, Change = 0.000024
Iteration 097: Soft TM-score = 0.525709, Change = 0.000018
Iteration 098: Soft TM-score = 0.525725, Change = 0.000016
Iteration 099: Soft TM-score = 0.525739, Change = 0.000014
Iteration 100: Soft TM-score = 0.525753, Change = 0.000013

--- Final Analysis ---
Final C-alpha RMSD on 113 aligned pairs: 4.0530 Å
Final TM-score (normalized by reference, L=162): 0.477020
Final TM-score (normalized by mobile,   L=129): 0.559364

Applying transformation to full-atom model and saving to results/pdb_aligned/d1lzy___aligned_to_d148le_.pdb...
Success!
